
> ea-overseas@ dev D:\repo-EaOverseas
> turbo dev

ΓÇó turbo 2.9.6

   ΓÇó Packages in scope: @ea-overseas/shared-types, @workspace/eslint-config, @workspace/tailwind-config, @workspace/typescript-config, @workspace/ui, @workspace/web, admin, api, docs
   ΓÇó Running dev in 9 packages
   ΓÇó Remote caching disabled

api:dev: cache bypass, force executing 7fc30a8a2e11f1a4
@ea-overseas/shared-types:dev: cache bypass, force executing 97230e9f29d10384
admin:dev: cache bypass, force executing 20e3771e1e2e2234
@workspace/web:dev: cache bypass, force executing 4de8d500c4dd416c
api:dev: 
api:dev: > api@1.0.0 dev D:\repo-EaOverseas\backend
api:dev: > tsx watch src/server.ts
api:dev: 
@ea-overseas/shared-types:dev: 
@ea-overseas/shared-types:dev: > @ea-overseas/shared-types@1.0.0 dev D:\repo-EaOverseas\packages\shared-types
@ea-overseas/shared-types:dev: > tsup src/index.ts --format cjs,esm --watch --dts
@ea-overseas/shared-types:dev: 
admin:dev: 
admin:dev: > admin@1.0.0 dev D:\repo-EaOverseas\apps\admin
admin:dev: > next dev -p 3001
admin:dev: 
@workspace/web:dev: 
@workspace/web:dev: > @workspace/web@0.0.0 dev D:\repo-EaOverseas\apps\web
@workspace/web:dev: > vite
@workspace/web:dev: 
@ea-overseas/shared-types:dev: [34mCLI[39m Building entry: src/index.ts
@ea-overseas/shared-types:dev: [34mCLI[39m Using tsconfig: tsconfig.json
@ea-overseas/shared-types:dev: [34mCLI[39m tsup v8.5.1
@ea-overseas/shared-types:dev: [34mCLI[39m Running in watch mode
@ea-overseas/shared-types:dev: [34mCLI[39m Target: esnext
@ea-overseas/shared-types:dev: [34mCJS[39m Build start
@ea-overseas/shared-types:dev: [34mESM[39m Build start
@workspace/web:dev: [31merror when starting dev server:
@workspace/web:dev: Error: Port 5173 is already in use
@workspace/web:dev:     at Server.onError$1 (file:///D:/repo-EaOverseas/node_modules/.pnpm/vite@7.3.2_@types+node@25.6_1960b2e2ba6792b70753ebe020afa044/node_modules/vite/dist/node/chunks/config.js:14933:28)
@workspace/web:dev:     at Server.emit (node:events:508:28)
@workspace/web:dev:     at emitErrorNT (node:net:1984:8)
@workspace/web:dev:     at process.processTicksAndRejections (node:internal/process/task_queues:90:21)[39m
@workspace/web:dev: ΓÇëELIFECYCLEΓÇë Command failed with exit code 1.
@ea-overseas/shared-types:dev: [32mCJS[39m [1mdist\index.js [22m[32m2.64 KB[39m
@ea-overseas/shared-types:dev: [32mCJS[39m ΓÜí∩╕Å Build success in 198ms
@ea-overseas/shared-types:dev: [32mESM[39m [1mdist\index.mjs [22m[32m1.22 KB[39m
@ea-overseas/shared-types:dev: [32mESM[39m ΓÜí∩╕Å Build success in 199ms
@ea-overseas/shared-types:dev: [34mCLI[39m Watching for changes in "."
@ea-overseas/shared-types:dev: [34mCLI[39m Ignoring changes in "**/{.git,node_modules}/**" | "dist"
 ERROR  @workspace/web#dev: command (D:\repo-EaOverseas\apps\web) C:\Users\prase\AppData\Local\pnpm\.tools\pnpm\10.17.1\bin\pnpm.CMD run dev exited (1)

 Tasks:    0 successful, 4 total
Cached:    0 cached, 4 total
  Time:    4.661s 
Failed:    @workspace/web#dev

 ERROR  run failed: command  exited (1)
ΓÇëELIFECYCLEΓÇë Command failed with exit code 1.
